<?xml version="1.1" encoding="UTF-8"?>
<testsuite name="com.thoughtworks.com.ProductCatalogTest" tests="1" failures="0" errors="0" timestamp="2014-06-19T03:36:51" hostname="magic.local" time="0.01">
  <properties/>
  <testcase name="should_get_product_list" classname="com.thoughtworks.com.ProductCatalogTest" time="0.01"/>
  <system-out><![CDATA[]]></system-out>
  <system-err><![CDATA[]]></system-err>
</testsuite>
